<?xml version="1.0" encoding="UTF-8"?>
<testsuite xmlns:xsi="http://www.w3.org/2001/XMLSchema-instance" xsi:noNamespaceSchemaLocation="https://maven.apache.org/surefire/maven-surefire-plugin/xsd/surefire-test-report-3.0.xsd" version="3.0" name="TestSuite" time="77.167" tests="17" errors="0" skipped="9" failures="7">
  <properties>
[...]
</properties>
  <testcase name="MainPageTest" classname="tests.MainTest" time="8.996"/>
  <testcase name="close" classname="tests.MainTest" time="9.025">
    <failure type="java.lang.NullPointerException"><![CDATA[java.lang.NullPointerException
]]></failure>
  </testcase>
  <testcase name="close" classname="tests.MainTest" time="0">
    <skipped/>
  </testcase>
  <testcase name="close" classname="tests.MainTest" time="0">
    <skipped/>
  </testcase>
  <testcase name="close" classname="tests.MainTest" time="0">
    <skipped/>
  </testcase>
  <testcase name="start" classname="tests.MainTest" time="0">
    <skipped/>
  </testcase>
  <testcase name="start" classname="tests.MainTest" time="0">
    <skipped/>
  </testcase>
  <testcase name="start" classname="tests.MainTest" time="0">
    <skipped/>
  </testcase>
  <testcase name="SearchTest" classname="tests.MainTest" time="0">
    <skipped/>
  </testcase>
  <testcase name="addToCart" classname="tests.MainTest" time="0">
    <skipped/>
  </testcase>
  <testcase name="addToCartAfterSearch" classname="tests.MainTest" time="0">
    <skipped/>
  </testcase>
  <testcase name="verifyCartPage" classname="tests.CartTest" time="6.823">
    <failure message="Unable to locate element: a[class=&apos;style_name__btju7 linkDefault&apos;]&#10;For documentation on this error, please visit: https://selenium.dev/exceptions/#no_such_element&#10;Build info: version: &apos;4.0.0-beta-3&apos;, revision: &apos;5d108f9a67&apos;&#10;System info: host: &apos;DESKTOP-789NBJF&apos;, ip: &apos;169.254.121.244&apos;, os.name: &apos;Windows 10&apos;, os.arch: &apos;amd64&apos;, os.version: &apos;10.0&apos;, java.version: &apos;11.0.10&apos;&#10;Driver info: org.openqa.selenium.firefox.FirefoxDriver&#10;Command: [a4469ab5-e97b-4535-98d6-997fdfa53d16, findElement {using=css selector, value=a[class=&apos;style_name__btju7 linkDefault&apos;]}]&#10;Capabilities {acceptInsecureCerts: true, browserName: firefox, browserVersion: 93.0, javascriptEnabled: true, moz:accessibilityChecks: false, moz:buildID: 20210927210923, moz:debuggerAddress: localhost:9222, moz:geckodriverVersion: 0.30.0, moz:headless: false, moz:processID: 19720, moz:profile: C:\Users\M3800\AppData\Loca..., moz:shutdownTimeout: 60000, moz:useNonSpecCompliantPointerOrigin: false, moz:webdriverClick: true, pageLoadStrategy: normal, platform: WINDOWS, platformName: WINDOWS, platformVersion: 10.0, proxy: Proxy(), se:cdp: ws://localhost:9222/devtool..., se:cdpVersion: 85, setWindowRect: true, strictFileInteractability: false, timeouts: {implicit: 0, pageLoad: 300000, script: 30000}, unhandledPromptBehavior: dismiss and notify}&#10;Session ID: a4469ab5-e97b-4535-98d6-997fdfa53d16" type="org.openqa.selenium.NoSuchElementException"><![CDATA[org.openqa.selenium.NoSuchElementException: 
Unable to locate element: a[class='style_name__btju7 linkDefault']
For documentation on this error, please visit: https://selenium.dev/exceptions/#no_such_element
Build info: version: '4.0.0-beta-3', revision: '5d108f9a67'
System info: host: 'DESKTOP-789NBJF', ip: '169.254.121.244', os.name: 'Windows 10', os.arch: 'amd64', os.version: '10.0', java.version: '11.0.10'
Driver info: org.openqa.selenium.firefox.FirefoxDriver
Command: [a4469ab5-e97b-4535-98d6-997fdfa53d16, findElement {using=css selector, value=a[class='style_name__btju7 linkDefault']}]
Capabilities {acceptInsecureCerts: true, browserName: firefox, browserVersion: 93.0, javascriptEnabled: true, moz:accessibilityChecks: false, moz:buildID: 20210927210923, moz:debuggerAddress: localhost:9222, moz:geckodriverVersion: 0.30.0, moz:headless: false, moz:processID: 19720, moz:profile: C:\Users\M3800\AppData\Loca..., moz:shutdownTimeout: 60000, moz:useNonSpecCompliantPointerOrigin: false, moz:webdriverClick: true, pageLoadStrategy: normal, platform: WINDOWS, platformName: WINDOWS, platformVersion: 10.0, proxy: Proxy(), se:cdp: ws://localhost:9222/devtool..., se:cdpVersion: 85, setWindowRect: true, strictFileInteractability: false, timeouts: {implicit: 0, pageLoad: 300000, script: 30000}, unhandledPromptBehavior: dismiss and notify}
Session ID: a4469ab5-e97b-4535-98d6-997fdfa53d16
	at tests.CartTest.verifyCartPage(CartTest.java:16)
]]></failure>
    <system-err><![CDATA[1635261493292	geckodriver	INFO	Listening on 127.0.0.1:45950
1635261493783	mozrunner::runner	INFO	Running command: "C:\\Program Files\\Mozilla Firefox\\firefox.exe" "--marionette" "--no-sandbox" "--disable-dev-shm-usage" "disable-infobars" "--disable-extensions" "--disable-gpu" "--remote-debugging-port" "9222" "-no-remote" "-profile" "C:\\Users\\M3800\\AppData\\Local\\Temp\\rust_mozprofileL227og"
1635261495344	Marionette	INFO	Marionette enabled
console.warn: SearchSettings: "get: No settings file exists, new profile?" (new NotFoundError("Could not open the file at C:\\Users\\M3800\\AppData\\Local\\Temp\\rust_mozprofileL227og\\search.json.mozlz4", (void 0)))
DevTools listening on ws://localhost:9222/devtools/browser/3afa00a9-8a1d-479d-9fc2-10ca160a1065
1635261505359	Marionette	INFO	Listening on port 18460
1635261505538	RemoteAgent	WARN	TLS certificate errors will be ignored for this session
окт. 26, 2021 6:18:25 PM org.openqa.selenium.remote.ProtocolHandshake createSession
INFO: Detected dialect: W3C
JavaScript warning: https://www.googletagmanager.com/gtm.js?id=GTM-NCTMMPJ&gtm_auth=&gtm_preview=&gtm_cookies_win=x, line 244: unreachable code after return statement
JavaScript warning: https://www.googletagmanager.com/gtm.js?id=GTM-NCTMMPJ&gtm_auth=&gtm_preview=&gtm_cookies_win=x, line 244: unreachable code after return statement
]]></system-err>
  </testcase>
  <testcase name="close" classname="tests.CartTest" time="6.856">
    <failure type="java.lang.NullPointerException"><![CDATA[java.lang.NullPointerException
]]></failure>
  </testcase>
  <testcase name="verifyCheckOutPage" classname="tests.CheckOutTest" time="7.711">
    <failure message="Unable to locate element: div[class=&apos;style_heading__3jKOc heading&apos;]&#10;For documentation on this error, please visit: https://selenium.dev/exceptions/#no_such_element&#10;Build info: version: &apos;4.0.0-beta-3&apos;, revision: &apos;5d108f9a67&apos;&#10;System info: host: &apos;DESKTOP-789NBJF&apos;, ip: &apos;169.254.121.244&apos;, os.name: &apos;Windows 10&apos;, os.arch: &apos;amd64&apos;, os.version: &apos;10.0&apos;, java.version: &apos;11.0.10&apos;&#10;Driver info: org.openqa.selenium.firefox.FirefoxDriver&#10;Command: [96e8195d-e468-4df5-b395-9c88c6e5bc41, findElement {using=css selector, value=div[class=&apos;style_heading__3jKOc heading&apos;]}]&#10;Capabilities {acceptInsecureCerts: true, browserName: firefox, browserVersion: 93.0, javascriptEnabled: true, moz:accessibilityChecks: false, moz:buildID: 20210927210923, moz:debuggerAddress: localhost:9222, moz:geckodriverVersion: 0.30.0, moz:headless: false, moz:processID: 13220, moz:profile: C:\Users\M3800\AppData\Loca..., moz:shutdownTimeout: 60000, moz:useNonSpecCompliantPointerOrigin: false, moz:webdriverClick: true, pageLoadStrategy: normal, platform: WINDOWS, platformName: WINDOWS, platformVersion: 10.0, proxy: Proxy(), se:cdp: ws://localhost:9222/devtool..., se:cdpVersion: 85, setWindowRect: true, strictFileInteractability: false, timeouts: {implicit: 0, pageLoad: 300000, script: 30000}, unhandledPromptBehavior: dismiss and notify}&#10;Session ID: 96e8195d-e468-4df5-b395-9c88c6e5bc41" type="org.openqa.selenium.NoSuchElementException"><![CDATA[org.openqa.selenium.NoSuchElementException: 
Unable to locate element: div[class='style_heading__3jKOc heading']
For documentation on this error, please visit: https://selenium.dev/exceptions/#no_such_element
Build info: version: '4.0.0-beta-3', revision: '5d108f9a67'
System info: host: 'DESKTOP-789NBJF', ip: '169.254.121.244', os.name: 'Windows 10', os.arch: 'amd64', os.version: '10.0', java.version: '11.0.10'
Driver info: org.openqa.selenium.firefox.FirefoxDriver
Command: [96e8195d-e468-4df5-b395-9c88c6e5bc41, findElement {using=css selector, value=div[class='style_heading__3jKOc heading']}]
Capabilities {acceptInsecureCerts: true, browserName: firefox, browserVersion: 93.0, javascriptEnabled: true, moz:accessibilityChecks: false, moz:buildID: 20210927210923, moz:debuggerAddress: localhost:9222, moz:geckodriverVersion: 0.30.0, moz:headless: false, moz:processID: 13220, moz:profile: C:\Users\M3800\AppData\Loca..., moz:shutdownTimeout: 60000, moz:useNonSpecCompliantPointerOrigin: false, moz:webdriverClick: true, pageLoadStrategy: normal, platform: WINDOWS, platformName: WINDOWS, platformVersion: 10.0, proxy: Proxy(), se:cdp: ws://localhost:9222/devtool..., se:cdpVersion: 85, setWindowRect: true, strictFileInteractability: false, timeouts: {implicit: 0, pageLoad: 300000, script: 30000}, unhandledPromptBehavior: dismiss and notify}
Session ID: 96e8195d-e468-4df5-b395-9c88c6e5bc41
	at tests.CheckOutTest.verifyCheckOutPage(CheckOutTest.java:16)
]]></failure>
    <system-err><![CDATA[1635261512605	geckodriver	INFO	Listening on 127.0.0.1:39564
1635261513190	mozrunner::runner	INFO	Running command: "C:\\Program Files\\Mozilla Firefox\\firefox.exe" "--marionette" "--no-sandbox" "--disable-dev-shm-usage" "disable-infobars" "--disable-extensions" "--disable-gpu" "--remote-debugging-port" "9222" "-no-remote" "-profile" "C:\\Users\\M3800\\AppData\\Local\\Temp\\rust_mozprofileBx4vIJ"
JavaScript warning: https://www.googletagmanager.com/gtm.js?id=GTM-NCTMMPJ&gtm_auth=&gtm_preview=&gtm_cookies_win=x, line 244: unreachable code after return statement
JavaScript warning: https://www.googletagmanager.com/gtm.js?id=GTM-NCTMMPJ&gtm_auth=&gtm_preview=&gtm_cookies_win=x, line 244: unreachable code after return statement
1635261515276	Marionette	INFO	Marionette enabled
console.warn: SearchSettings: "get: No settings file exists, new profile?" (new NotFoundError("Could not open the file at C:\\Users\\M3800\\AppData\\Local\\Temp\\rust_mozprofileBx4vIJ\\search.json.mozlz4", (void 0)))
DevTools listening on ws://localhost:9222/devtools/browser/73251903-3f35-4778-8ec7-cdbbe7027282
1635261524554	Marionette	INFO	Listening on port 18568
1635261524917	RemoteAgent	WARN	TLS certificate errors will be ignored for this session
окт. 26, 2021 6:18:44 PM org.openqa.selenium.remote.ProtocolHandshake createSession
INFO: Detected dialect: W3C
JavaScript warning: https://www.googletagmanager.com/gtm.js?id=GTM-NCTMMPJ&gtm_auth=&gtm_preview=&gtm_cookies_win=x, line 244: unreachable code after return statement
JavaScript warning: https://www.googletagmanager.com/gtm.js?id=GTM-NCTMMPJ&gtm_auth=&gtm_preview=&gtm_cookies_win=x, line 244: unreachable code after return statement
JavaScript warning: https://www.googletagmanager.com/gtm.js?id=GTM-NCTMMPJ&gtm_auth=&gtm_preview=&gtm_cookies_win=x, line 244: unreachable code after return statement
JavaScript warning: https://www.googletagmanager.com/gtm.js?id=GTM-NCTMMPJ&gtm_auth=&gtm_preview=&gtm_cookies_win=x, line 244: unreachable code after return statement
]]></system-err>
  </testcase>
  <testcase name="close" classname="tests.CheckOutTest" time="7.722">
    <failure type="java.lang.NullPointerException"><![CDATA[java.lang.NullPointerException
]]></failure>
  </testcase>
  <testcase name="end2end" classname="tests.End2End" time="5.514">
    <failure message="Unable to locate element: a[class=&apos;style_name__btju7 linkDefault&apos;]&#10;For documentation on this error, please visit: https://selenium.dev/exceptions/#no_such_element&#10;Build info: version: &apos;4.0.0-beta-3&apos;, revision: &apos;5d108f9a67&apos;&#10;System info: host: &apos;DESKTOP-789NBJF&apos;, ip: &apos;169.254.121.244&apos;, os.name: &apos;Windows 10&apos;, os.arch: &apos;amd64&apos;, os.version: &apos;10.0&apos;, java.version: &apos;11.0.10&apos;&#10;Driver info: org.openqa.selenium.firefox.FirefoxDriver&#10;Command: [bb3fbcd4-ab8a-4072-a10c-ed31f5052b80, findElement {using=css selector, value=a[class=&apos;style_name__btju7 linkDefault&apos;]}]&#10;Capabilities {acceptInsecureCerts: true, browserName: firefox, browserVersion: 93.0, javascriptEnabled: true, moz:accessibilityChecks: false, moz:buildID: 20210927210923, moz:debuggerAddress: localhost:9222, moz:geckodriverVersion: 0.30.0, moz:headless: false, moz:processID: 13436, moz:profile: C:\Users\M3800\AppData\Loca..., moz:shutdownTimeout: 60000, moz:useNonSpecCompliantPointerOrigin: false, moz:webdriverClick: true, pageLoadStrategy: normal, platform: WINDOWS, platformName: WINDOWS, platformVersion: 10.0, proxy: Proxy(), se:cdp: ws://localhost:9222/devtool..., se:cdpVersion: 85, setWindowRect: true, strictFileInteractability: false, timeouts: {implicit: 0, pageLoad: 300000, script: 30000}, unhandledPromptBehavior: dismiss and notify}&#10;Session ID: bb3fbcd4-ab8a-4072-a10c-ed31f5052b80" type="org.openqa.selenium.NoSuchElementException"><![CDATA[org.openqa.selenium.NoSuchElementException: 
Unable to locate element: a[class='style_name__btju7 linkDefault']
For documentation on this error, please visit: https://selenium.dev/exceptions/#no_such_element
Build info: version: '4.0.0-beta-3', revision: '5d108f9a67'
System info: host: 'DESKTOP-789NBJF', ip: '169.254.121.244', os.name: 'Windows 10', os.arch: 'amd64', os.version: '10.0', java.version: '11.0.10'
Driver info: org.openqa.selenium.firefox.FirefoxDriver
Command: [bb3fbcd4-ab8a-4072-a10c-ed31f5052b80, findElement {using=css selector, value=a[class='style_name__btju7 linkDefault']}]
Capabilities {acceptInsecureCerts: true, browserName: firefox, browserVersion: 93.0, javascriptEnabled: true, moz:accessibilityChecks: false, moz:buildID: 20210927210923, moz:debuggerAddress: localhost:9222, moz:geckodriverVersion: 0.30.0, moz:headless: false, moz:processID: 13436, moz:profile: C:\Users\M3800\AppData\Loca..., moz:shutdownTimeout: 60000, moz:useNonSpecCompliantPointerOrigin: false, moz:webdriverClick: true, pageLoadStrategy: normal, platform: WINDOWS, platformName: WINDOWS, platformVersion: 10.0, proxy: Proxy(), se:cdp: ws://localhost:9222/devtool..., se:cdpVersion: 85, setWindowRect: true, strictFileInteractability: false, timeouts: {implicit: 0, pageLoad: 300000, script: 30000}, unhandledPromptBehavior: dismiss and notify}
Session ID: bb3fbcd4-ab8a-4072-a10c-ed31f5052b80
	at tests.End2End.end2end(End2End.java:14)
]]></failure>
    <system-err><![CDATA[1635261532769	geckodriver	INFO	Listening on 127.0.0.1:26100
1635261533274	mozrunner::runner	INFO	Running command: "C:\\Program Files\\Mozilla Firefox\\firefox.exe" "--marionette" "--no-sandbox" "--disable-dev-shm-usage" "disable-infobars" "--disable-extensions" "--disable-gpu" "--remote-debugging-port" "9222" "-no-remote" "-profile" "C:\\Users\\M3800\\AppData\\Local\\Temp\\rust_mozprofilevhuGML"
JavaScript warning: https://www.googletagmanager.com/gtm.js?id=GTM-NCTMMPJ&gtm_auth=&gtm_preview=&gtm_cookies_win=x, line 244: unreachable code after return statement
1635261534203	Marionette	INFO	Marionette enabled
console.warn: SearchSettings: "get: No settings file exists, new profile?" (new NotFoundError("Could not open the file at C:\\Users\\M3800\\AppData\\Local\\Temp\\rust_mozprofilevhuGML\\search.json.mozlz4", (void 0)))
DevTools listening on ws://localhost:9222/devtools/browser/bc6882a6-b9db-4a12-8fc9-261009da3d2a
1635261537653	Marionette	INFO	Listening on port 18668
1635261538089	RemoteAgent	WARN	TLS certificate errors will be ignored for this session
окт. 26, 2021 6:18:58 PM org.openqa.selenium.remote.ProtocolHandshake createSession
INFO: Detected dialect: W3C
JavaScript warning: https://www.googletagmanager.com/gtm.js?id=GTM-NCTMMPJ&gtm_auth=&gtm_preview=&gtm_cookies_win=x, line 244: unreachable code after return statement
JavaScript warning: https://www.googletagmanager.com/gtm.js?id=GTM-NCTMMPJ&gtm_auth=&gtm_preview=&gtm_cookies_win=x, line 244: unreachable code after return statement
]]></system-err>
  </testcase>
  <testcase name="close" classname="tests.End2End" time="5.528">
    <failure type="java.lang.NullPointerException"><![CDATA[java.lang.NullPointerException
]]></failure>
  </testcase>
</testsuite>