<html>
<head>
<title>TestNG:  C:/QA/AutoTesting/Color-it</title>
<link href="../testng.css" rel="stylesheet" type="text/css" />
<link href="../my-testng.css" rel="stylesheet" type="text/css" />

<style type="text/css">
.log { display: none;} 
.stack-trace { display: none;} 
</style>
<script type="text/javascript">
<!--
function flip(e) {
  current = e.style.display;
  if (current == 'block') {
    e.style.display = 'none';
    return 0;
  }
  else {
    e.style.display = 'block';
    return 1;
  }
}

function toggleBox(szDivId, elem, msg1, msg2)
{
  var res = -1;  if (document.getElementById) {
    res = flip(document.getElementById(szDivId));
  }
  else if (document.all) {
    // this is the way old msie versions work
    res = flip(document.all[szDivId]);
  }
  if(elem) {
    if(res == 0) elem.innerHTML = msg1; else elem.innerHTML = msg2;
  }

}

function toggleAllBoxes() {
  if (document.getElementsByTagName) {
    d = document.getElementsByTagName('div');
    for (i = 0; i < d.length; i++) {
      if (d[i].className == 'log') {
        flip(d[i]);
      }
    }
  }
}

// -->
</script>

</head>
<body>
<h2 align='center'>C:/QA/AutoTesting/Color-it</h2><table border='1' align="center">
<tr>
<td>Tests passed/Failed/Skipped:</td><td>5/2/0</td>
</tr><tr>
<td>Started on:</td><td>Wed Nov 24 13:16:33 EET 2021</td>
</tr>
<tr><td>Total time:</td><td>144 seconds (144752 ms)</td>
</tr><tr>
<td>Included groups:</td><td></td>
</tr><tr>
<td>Excluded groups:</td><td></td>
</tr>
</table><p/>
<small><i>(Hover the method name to see the test class name)</i></small><p/>
<table width='100%' border='1' class='invocation-failed'>
<tr><td colspan='4' align='center'><b>FAILED TESTS</b></td></tr>
<tr><td><b>Test method</b></td>
<td width="30%"><b>Exception</b></td>
<td width="10%"><b>Time (seconds)</b></td>
<td><b>Instance</b></td>
</tr>
<tr>
<td title='tests.MainTest.MainPageTest()'><b>MainPageTest</b><br>Test class: tests.MainTest</td>
<td><div><pre>org.openqa.selenium.TimeoutException: Expected condition failed: waiting for visibility of all elements located by By.cssSelector:  (tried for 15 second(s) with 500 milliseconds interval)
	at org.openqa.selenium.support.ui.WebDriverWait.timeoutException(WebDriverWait.java:138)
	at org.openqa.selenium.support.ui.FluentWait.until(FluentWait.java:231)
	at page.BasePage.waitVisibility(BasePage.java:36)
	at page.MainPage.verifyMainPage(MainPage.java:89)
	at tests.MainTest.MainPageTest(MainTest.java:22)
	at java.base/jdk.internal.reflect.NativeMethodAccessorImpl.invoke0(Native Method)
	at java.base/jdk.internal.reflect.NativeMethodAccessorImpl.invoke(NativeMethodAccessorImpl.java:62)
	at java.base/jdk.internal.reflect.DelegatingMethodAccessorImpl.invoke(DelegatingMethodAccessorImpl.java:43)
	at java.base/java.lang.reflect.Method.invoke(Method.java:564)
	at org.testng.internal.MethodInvocationHelper.invokeMethod(MethodInvocationHelper.java:133)
	at org.testng.internal.TestInvoker.invokeMethod(TestInvoker.java:598)
	at org.testng.internal.TestInvoker.invokeTestMethod(TestInvoker.java:173)
	at org.testng.internal.MethodRunner.runInSequence(MethodRunner.java:46)
	at org.testng.internal.TestInvoker$MethodInvocationAgent.invoke(TestInvoker.java:824)
	at org.testng.internal.TestInvoker.invokeTestMethods(TestInvoker.java:146)
	at org.testng.internal.TestMethodWorker.invokeTestMethods(TestMethodWorker.java:146)
	at org.testng.internal.TestMethodWorker.run(TestMethodWorker.java:128)
	at java.base/java.util.ArrayList.forEach(ArrayList.java:1380)
	at org.testng.TestRunner.privateRun(TestRunner.java:794)
	at org.testng.TestRunner.run(TestRunner.java:596)
	at org.testng.SuiteRunner.runTest(SuiteRunner.java:377)
	at org.testng.SuiteRunner.runSequentially(SuiteRunner.java:371)
	at org.testng.SuiteRunner.privateRun(SuiteRunner.java:332)
	at org.testng.SuiteRunner.run(SuiteRunner.java:276)
	at org.testng.SuiteRunnerWorker.runSuite(SuiteRunnerWorker.java:53)
	at org.testng.SuiteRunnerWorker.run(SuiteRunnerWorker.java:96)
	at org.testng.TestNG.runSuitesSequentially(TestNG.java:1212)
	at org.testng.TestNG.runSuitesLocally(TestNG.java:1134)
	at org.testng.TestNG.runSuites(TestNG.java:1063)
	at org.testng.TestNG.run(TestNG.java:1031)
	at org.apache.maven.surefire.testng.TestNGExecutor.run(TestNGExecutor.java:283)
	at org.apache.maven.surefire.testng.TestNGXmlTestSuite.execute(TestNGXmlTestSuite.java:75)
	at org.apache.maven.surefire.testng.TestNGProvider.invoke(TestNGProvider.java:120)
	at org.apache.maven.surefire.booter.ForkedBooter.runSuitesInProcess(ForkedBooter.java:377)
	at org.apache.maven.surefire.booter.ForkedBooter.execute(ForkedBooter.java:138)
	at org.apache.maven.surefire.booter.ForkedBooter.run(ForkedBooter.java:465)
	at org.apache.maven.surefire.booter.ForkedBooter.main(ForkedBooter.java:451)
Caused by: org.openqa.selenium.InvalidSelectorException: Given css selector expression &quot;&quot; is invalid: SyntaxError: Document.querySelectorAll: &apos;&apos; is not a valid selector
For documentation on this error, please visit: https://selenium.dev/exceptions/#invalid_selector_exception
Build info: version: &apos;4.0.0-beta-3&apos;, revision: &apos;5d108f9a67&apos;
System info: host: &apos;DESKTOP-789NBJF&apos;, ip: &apos;169.254.121.244&apos;, os.name: &apos;Windows 10&apos;, os.arch: &apos;amd64&apos;, os.version: &apos;10.0&apos;, java.version: &apos;9.0.4&apos;
Driver info: org.openqa.selenium.firefox.FirefoxDriver
Command: [fd3df8c2-01b8-4ed3-b6f5-94560be4f574, findElements {using=css selector, value=}]
Capabilities {acceptInsecureCerts: true, browserName: firefox, browserVersion: 94.0.2, javascriptEnabled: true, moz:accessibilityChecks: false, moz:buildID: 20211119140621, moz:debuggerAddress: localhost:9222, moz:geckodriverVersion: 0.30.0, moz:headless: false, moz:processID: 8732, moz:profile: C:\Users\M3800\AppData\Loca..., moz:shutdownTimeout: 60000, moz:useNonSpecCompliantPointerOrigin: false, moz:webdriverClick: true, pageLoadStrategy: normal, platform: WINDOWS, platformName: WINDOWS, platformVersion: 10.0, proxy: Proxy(), se:cdp: ws://localhost:9222/devtool..., se:cdpVersion: 85, setWindowRect: true, strictFileInteractability: false, timeouts: {implicit: 0, pageLoad: 300000, script: 30000}, unhandledPromptBehavior: dismiss and notify}
Session ID: fd3df8c2-01b8-4ed3-b6f5-94560be4f574
	at jdk.internal.reflect.GeneratedConstructorAccessor17.newInstance(Unknown Source)
	at java.base/jdk.internal.reflect.DelegatingConstructorAccessorImpl.newInstance(DelegatingConstructorAccessorImpl.java:45)
	at java.base/java.lang.reflect.Constructor.newInstance(Constructor.java:488)
	at org.openqa.selenium.remote.codec.w3c.W3CHttpResponseCodec.createException(W3CHttpResponseCodec.java:198)
	at org.openqa.selenium.remote.codec.w3c.W3CHttpResponseCodec.decode(W3CHttpResponseCodec.java:131)
	at org.openqa.selenium.remote.codec.w3c.W3CHttpResponseCodec.decode(W3CHttpResponseCodec.java:52)
	at org.openqa.selenium.remote.HttpCommandExecutor.execute(HttpCommandExecutor.java:184)
	at org.openqa.selenium.remote.service.DriverCommandExecutor.invokeExecute(DriverCommandExecutor.java:153)
	at org.openqa.selenium.remote.service.DriverCommandExecutor.execute(DriverCommandExecutor.java:128)
	at org.openqa.selenium.remote.RemoteWebDriver.execute(RemoteWebDriver.java:619)
	at org.openqa.selenium.remote.RemoteWebDriver$Mechanism$2.findElements(RemoteWebDriver.java:1287)
	at org.openqa.selenium.remote.RemoteWebDriver.findElements(RemoteWebDriver.java:424)
	at org.openqa.selenium.remote.RemoteWebDriver.findElements(RemoteWebDriver.java:418)
	at org.openqa.selenium.support.ui.ExpectedConditions$8.apply(ExpectedConditions.java:224)
	at org.openqa.selenium.support.ui.ExpectedConditions$8.apply(ExpectedConditions.java:221)
	at org.openqa.selenium.support.ui.FluentWait.until(FluentWait.java:208)
	... 35 more
</pre></div><a href='#' onClick='toggleBox("stack-trace1340714491", this, "Click to show all stack frames", "Click to hide stack frames")'>Click to show all stack frames</a>
<div class='stack-trace' id='stack-trace1340714491'><pre>org.openqa.selenium.TimeoutException: Expected condition failed: waiting for visibility of all elements located by By.cssSelector:  (tried for 15 second(s) with 500 milliseconds interval)
	at org.openqa.selenium.support.ui.WebDriverWait.timeoutException(WebDriverWait.java:138)
	at org.openqa.selenium.support.ui.FluentWait.until(FluentWait.java:231)
	at page.BasePage.waitVisibility(BasePage.java:36)
	at page.MainPage.verifyMainPage(MainPage.java:89)
	at tests.MainTest.MainPageTest(MainTest.java:22)
	at java.base/jdk.internal.reflect.NativeMethodAccessorImpl.invoke0(Native Method)
	at java.base/jdk.internal.reflect.NativeMethodAccessorImpl.invoke(NativeMethodAccessorImpl.java:62)
	at java.base/jdk.internal.reflect.DelegatingMethodAccessorImpl.invoke(DelegatingMethodAccessorImpl.java:43)
	at java.base/java.lang.reflect.Method.invoke(Method.java:564)
	at org.testng.internal.MethodInvocationHelper.invokeMethod(MethodInvocationHelper.java:133)
	at org.testng.internal.TestInvoker.invokeMethod(TestInvoker.java:598)
	at org.testng.internal.TestInvoker.invokeTestMethod(TestInvoker.java:173)
	at org.testng.internal.MethodRunner.runInSequence(MethodRunner.java:46)
	at org.testng.internal.TestInvoker$MethodInvocationAgent.invoke(TestInvoker.java:824)
	at org.testng.internal.TestInvoker.invokeTestMethods(TestInvoker.java:146)
	at org.testng.internal.TestMethodWorker.invokeTestMethods(TestMethodWorker.java:146)
	at org.testng.internal.TestMethodWorker.run(TestMethodWorker.java:128)
	at java.base/java.util.ArrayList.forEach(ArrayList.java:1380)
	at org.testng.TestRunner.privateRun(TestRunner.java:794)
	at org.testng.TestRunner.run(TestRunner.java:596)
	at org.testng.SuiteRunner.runTest(SuiteRunner.java:377)
	at org.testng.SuiteRunner.runSequentially(SuiteRunner.java:371)
	at org.testng.SuiteRunner.privateRun(SuiteRunner.java:332)
	at org.testng.SuiteRunner.run(SuiteRunner.java:276)
	at org.testng.SuiteRunnerWorker.runSuite(SuiteRunnerWorker.java:53)
	at org.testng.SuiteRunnerWorker.run(SuiteRunnerWorker.java:96)
	at org.testng.TestNG.runSuitesSequentially(TestNG.java:1212)
	at org.testng.TestNG.runSuitesLocally(TestNG.java:1134)
	at org.testng.TestNG.runSuites(TestNG.java:1063)
	at org.testng.TestNG.run(TestNG.java:1031)
	at org.apache.maven.surefire.testng.TestNGExecutor.run(TestNGExecutor.java:283)
	at org.apache.maven.surefire.testng.TestNGXmlTestSuite.execute(TestNGXmlTestSuite.java:75)
	at org.apache.maven.surefire.testng.TestNGProvider.invoke(TestNGProvider.java:120)
	at org.apache.maven.surefire.booter.ForkedBooter.runSuitesInProcess(ForkedBooter.java:377)
	at org.apache.maven.surefire.booter.ForkedBooter.execute(ForkedBooter.java:138)
	at org.apache.maven.surefire.booter.ForkedBooter.run(ForkedBooter.java:465)
	at org.apache.maven.surefire.booter.ForkedBooter.main(ForkedBooter.java:451)
Caused by: org.openqa.selenium.InvalidSelectorException: Given css selector expression &quot;&quot; is invalid: SyntaxError: Document.querySelectorAll: &apos;&apos; is not a valid selector
For documentation on this error, please visit: https://selenium.dev/exceptions/#invalid_selector_exception
Build info: version: &apos;4.0.0-beta-3&apos;, revision: &apos;5d108f9a67&apos;
System info: host: &apos;DESKTOP-789NBJF&apos;, ip: &apos;169.254.121.244&apos;, os.name: &apos;Windows 10&apos;, os.arch: &apos;amd64&apos;, os.version: &apos;10.0&apos;, java.version: &apos;9.0.4&apos;
Driver info: org.openqa.selenium.firefox.FirefoxDriver
Command: [fd3df8c2-01b8-4ed3-b6f5-94560be4f574, findElements {using=css selector, value=}]
Capabilities {acceptInsecureCerts: true, browserName: firefox, browserVersion: 94.0.2, javascriptEnabled: true, moz:accessibilityChecks: false, moz:buildID: 20211119140621, moz:debuggerAddress: localhost:9222, moz:geckodriverVersion: 0.30.0, moz:headless: false, moz:processID: 8732, moz:profile: C:\Users\M3800\AppData\Loca..., moz:shutdownTimeout: 60000, moz:useNonSpecCompliantPointerOrigin: false, moz:webdriverClick: true, pageLoadStrategy: normal, platform: WINDOWS, platformName: WINDOWS, platformVersion: 10.0, proxy: Proxy(), se:cdp: ws://localhost:9222/devtool..., se:cdpVersion: 85, setWindowRect: true, strictFileInteractability: false, timeouts: {implicit: 0, pageLoad: 300000, script: 30000}, unhandledPromptBehavior: dismiss and notify}
Session ID: fd3df8c2-01b8-4ed3-b6f5-94560be4f574
	at jdk.internal.reflect.GeneratedConstructorAccessor17.newInstance(Unknown Source)
	at java.base/jdk.internal.reflect.DelegatingConstructorAccessorImpl.newInstance(DelegatingConstructorAccessorImpl.java:45)
	at java.base/java.lang.reflect.Constructor.newInstance(Constructor.java:488)
	at org.openqa.selenium.remote.codec.w3c.W3CHttpResponseCodec.createException(W3CHttpResponseCodec.java:198)
	at org.openqa.selenium.remote.codec.w3c.W3CHttpResponseCodec.decode(W3CHttpResponseCodec.java:131)
	at org.openqa.selenium.remote.codec.w3c.W3CHttpResponseCodec.decode(W3CHttpResponseCodec.java:52)
	at org.openqa.selenium.remote.HttpCommandExecutor.execute(HttpCommandExecutor.java:184)
	at org.openqa.selenium.remote.service.DriverCommandExecutor.invokeExecute(DriverCommandExecutor.java:153)
	at org.openqa.selenium.remote.service.DriverCommandExecutor.execute(DriverCommandExecutor.java:128)
	at org.openqa.selenium.remote.RemoteWebDriver.execute(RemoteWebDriver.java:619)
	at org.openqa.selenium.remote.RemoteWebDriver$Mechanism$2.findElements(RemoteWebDriver.java:1287)
	at org.openqa.selenium.remote.RemoteWebDriver.findElements(RemoteWebDriver.java:424)
	at org.openqa.selenium.remote.RemoteWebDriver.findElements(RemoteWebDriver.java:418)
	at org.openqa.selenium.support.ui.ExpectedConditions$8.apply(ExpectedConditions.java:224)
	at org.openqa.selenium.support.ui.ExpectedConditions$8.apply(ExpectedConditions.java:221)
	at org.openqa.selenium.support.ui.FluentWait.until(FluentWait.java:208)
	... 35 more
</pre></div></td>
<td>18</td>
<td>tests.MainTest@5bb7643d</td></tr>
<tr>
<td title='tests.CheckOutTest.verifyCheckOutPage()'><b>verifyCheckOutPage</b><br>Test class: tests.CheckOutTest</td>
<td><div><pre>org.openqa.selenium.TimeoutException: Expected condition failed: waiting for visibility of all elements located by By.xpath: //div[normalize-space(text())=&apos;Корзина&apos;] (tried for 15 second(s) with 500 milliseconds interval)
Build info: version: &apos;4.0.0-beta-3&apos;, revision: &apos;5d108f9a67&apos;
System info: host: &apos;DESKTOP-789NBJF&apos;, ip: &apos;169.254.121.244&apos;, os.name: &apos;Windows 10&apos;, os.arch: &apos;amd64&apos;, os.version: &apos;10.0&apos;, java.version: &apos;9.0.4&apos;
Driver info: org.openqa.selenium.firefox.FirefoxDriver
Capabilities {acceptInsecureCerts: true, browserName: firefox, browserVersion: 94.0.2, javascriptEnabled: true, moz:accessibilityChecks: false, moz:buildID: 20211119140621, moz:debuggerAddress: localhost:9222, moz:geckodriverVersion: 0.30.0, moz:headless: false, moz:processID: 14420, moz:profile: C:\Users\M3800\AppData\Loca..., moz:shutdownTimeout: 60000, moz:useNonSpecCompliantPointerOrigin: false, moz:webdriverClick: true, pageLoadStrategy: normal, platform: WINDOWS, platformName: WINDOWS, platformVersion: 10.0, proxy: Proxy(), se:cdp: ws://localhost:9222/devtool..., se:cdpVersion: 85, setWindowRect: true, strictFileInteractability: false, timeouts: {implicit: 0, pageLoad: 300000, script: 30000}, unhandledPromptBehavior: dismiss and notify}
Session ID: fbcd1234-997b-43e7-ac86-dd554eedc44f
	at org.openqa.selenium.support.ui.WebDriverWait.timeoutException(WebDriverWait.java:138)
	at org.openqa.selenium.support.ui.FluentWait.until(FluentWait.java:231)
	at page.BasePage.waitVisibility(BasePage.java:36)
	at page.CartPage.verifyCartPage(CartPage.java:42)
	at tests.CheckOutTest.verifyCheckOutPage(CheckOutTest.java:15)
	at java.base/jdk.internal.reflect.NativeMethodAccessorImpl.invoke0(Native Method)
	at java.base/jdk.internal.reflect.NativeMethodAccessorImpl.invoke(NativeMethodAccessorImpl.java:62)
	at java.base/jdk.internal.reflect.DelegatingMethodAccessorImpl.invoke(DelegatingMethodAccessorImpl.java:43)
	at java.base/java.lang.reflect.Method.invoke(Method.java:564)
	at org.testng.internal.MethodInvocationHelper.invokeMethod(MethodInvocationHelper.java:133)
	at org.testng.internal.TestInvoker.invokeMethod(TestInvoker.java:598)
	at org.testng.internal.TestInvoker.invokeTestMethod(TestInvoker.java:173)
	at org.testng.internal.MethodRunner.runInSequence(MethodRunner.java:46)
	at org.testng.internal.TestInvoker$MethodInvocationAgent.invoke(TestInvoker.java:824)
	at org.testng.internal.TestInvoker.invokeTestMethods(TestInvoker.java:146)
	at org.testng.internal.TestMethodWorker.invokeTestMethods(TestMethodWorker.java:146)
	at org.testng.internal.TestMethodWorker.run(TestMethodWorker.java:128)
	at java.base/java.util.ArrayList.forEach(ArrayList.java:1380)
	at org.testng.TestRunner.privateRun(TestRunner.java:794)
	at org.testng.TestRunner.run(TestRunner.java:596)
	at org.testng.SuiteRunner.runTest(SuiteRunner.java:377)
	at org.testng.SuiteRunner.runSequentially(SuiteRunner.java:371)
	at org.testng.SuiteRunner.privateRun(SuiteRunner.java:332)
	at org.testng.SuiteRunner.run(SuiteRunner.java:276)
	at org.testng.SuiteRunnerWorker.runSuite(SuiteRunnerWorker.java:53)
	at org.testng.SuiteRunnerWorker.run(SuiteRunnerWorker.java:96)
	at org.testng.TestNG.runSuitesSequentially(TestNG.java:1212)
	at org.testng.TestNG.runSuitesLocally(TestNG.java:1134)
	at org.testng.TestNG.runSuites(TestNG.java:1063)
	at org.testng.TestNG.run(TestNG.java:1031)
	at org.apache.maven.surefire.testng.TestNGExecutor.run(TestNGExecutor.java:283)
	at org.apache.maven.surefire.testng.TestNGXmlTestSuite.execute(TestNGXmlTestSuite.java:75)
	at org.apache.maven.surefire.testng.TestNGProvider.invoke(TestNGProvider.java:120)
	at org.apache.maven.surefire.booter.ForkedBooter.runSuitesInProcess(ForkedBooter.java:377)
	at org.apache.maven.surefire.booter.ForkedBooter.execute(ForkedBooter.java:138)
	at org.apache.maven.surefire.booter.ForkedBooter.run(ForkedBooter.java:465)
	at org.apache.maven.surefire.booter.ForkedBooter.main(ForkedBooter.java:451)
</pre></div><a href='#' onClick='toggleBox("stack-trace1624449030", this, "Click to show all stack frames", "Click to hide stack frames")'>Click to show all stack frames</a>
<div class='stack-trace' id='stack-trace1624449030'><pre>org.openqa.selenium.TimeoutException: Expected condition failed: waiting for visibility of all elements located by By.xpath: //div[normalize-space(text())=&apos;Корзина&apos;] (tried for 15 second(s) with 500 milliseconds interval)
Build info: version: &apos;4.0.0-beta-3&apos;, revision: &apos;5d108f9a67&apos;
System info: host: &apos;DESKTOP-789NBJF&apos;, ip: &apos;169.254.121.244&apos;, os.name: &apos;Windows 10&apos;, os.arch: &apos;amd64&apos;, os.version: &apos;10.0&apos;, java.version: &apos;9.0.4&apos;
Driver info: org.openqa.selenium.firefox.FirefoxDriver
Capabilities {acceptInsecureCerts: true, browserName: firefox, browserVersion: 94.0.2, javascriptEnabled: true, moz:accessibilityChecks: false, moz:buildID: 20211119140621, moz:debuggerAddress: localhost:9222, moz:geckodriverVersion: 0.30.0, moz:headless: false, moz:processID: 14420, moz:profile: C:\Users\M3800\AppData\Loca..., moz:shutdownTimeout: 60000, moz:useNonSpecCompliantPointerOrigin: false, moz:webdriverClick: true, pageLoadStrategy: normal, platform: WINDOWS, platformName: WINDOWS, platformVersion: 10.0, proxy: Proxy(), se:cdp: ws://localhost:9222/devtool..., se:cdpVersion: 85, setWindowRect: true, strictFileInteractability: false, timeouts: {implicit: 0, pageLoad: 300000, script: 30000}, unhandledPromptBehavior: dismiss and notify}
Session ID: fbcd1234-997b-43e7-ac86-dd554eedc44f
	at org.openqa.selenium.support.ui.WebDriverWait.timeoutException(WebDriverWait.java:138)
	at org.openqa.selenium.support.ui.FluentWait.until(FluentWait.java:231)
	at page.BasePage.waitVisibility(BasePage.java:36)
	at page.CartPage.verifyCartPage(CartPage.java:42)
	at tests.CheckOutTest.verifyCheckOutPage(CheckOutTest.java:15)
	at java.base/jdk.internal.reflect.NativeMethodAccessorImpl.invoke0(Native Method)
	at java.base/jdk.internal.reflect.NativeMethodAccessorImpl.invoke(NativeMethodAccessorImpl.java:62)
	at java.base/jdk.internal.reflect.DelegatingMethodAccessorImpl.invoke(DelegatingMethodAccessorImpl.java:43)
	at java.base/java.lang.reflect.Method.invoke(Method.java:564)
	at org.testng.internal.MethodInvocationHelper.invokeMethod(MethodInvocationHelper.java:133)
	at org.testng.internal.TestInvoker.invokeMethod(TestInvoker.java:598)
	at org.testng.internal.TestInvoker.invokeTestMethod(TestInvoker.java:173)
	at org.testng.internal.MethodRunner.runInSequence(MethodRunner.java:46)
	at org.testng.internal.TestInvoker$MethodInvocationAgent.invoke(TestInvoker.java:824)
	at org.testng.internal.TestInvoker.invokeTestMethods(TestInvoker.java:146)
	at org.testng.internal.TestMethodWorker.invokeTestMethods(TestMethodWorker.java:146)
	at org.testng.internal.TestMethodWorker.run(TestMethodWorker.java:128)
	at java.base/java.util.ArrayList.forEach(ArrayList.java:1380)
	at org.testng.TestRunner.privateRun(TestRunner.java:794)
	at org.testng.TestRunner.run(TestRunner.java:596)
	at org.testng.SuiteRunner.runTest(SuiteRunner.java:377)
	at org.testng.SuiteRunner.runSequentially(SuiteRunner.java:371)
	at org.testng.SuiteRunner.privateRun(SuiteRunner.java:332)
	at org.testng.SuiteRunner.run(SuiteRunner.java:276)
	at org.testng.SuiteRunnerWorker.runSuite(SuiteRunnerWorker.java:53)
	at org.testng.SuiteRunnerWorker.run(SuiteRunnerWorker.java:96)
	at org.testng.TestNG.runSuitesSequentially(TestNG.java:1212)
	at org.testng.TestNG.runSuitesLocally(TestNG.java:1134)
	at org.testng.TestNG.runSuites(TestNG.java:1063)
	at org.testng.TestNG.run(TestNG.java:1031)
	at org.apache.maven.surefire.testng.TestNGExecutor.run(TestNGExecutor.java:283)
	at org.apache.maven.surefire.testng.TestNGXmlTestSuite.execute(TestNGXmlTestSuite.java:75)
	at org.apache.maven.surefire.testng.TestNGProvider.invoke(TestNGProvider.java:120)
	at org.apache.maven.surefire.booter.ForkedBooter.runSuitesInProcess(ForkedBooter.java:377)
	at org.apache.maven.surefire.booter.ForkedBooter.execute(ForkedBooter.java:138)
	at org.apache.maven.surefire.booter.ForkedBooter.run(ForkedBooter.java:465)
	at org.apache.maven.surefire.booter.ForkedBooter.main(ForkedBooter.java:451)
</pre></div></td>
<td>21</td>
<td>tests.CheckOutTest@7351a16e</td></tr>
</table><p>
<table width='100%' border='1' class='invocation-passed'>
<tr><td colspan='4' align='center'><b>PASSED TESTS</b></td></tr>
<tr><td><b>Test method</b></td>
<td width="30%"><b>Exception</b></td>
<td width="10%"><b>Time (seconds)</b></td>
<td><b>Instance</b></td>
</tr>
<tr>
<td title='tests.MainTest.addToCart()'><b>addToCart</b><br>Test class: tests.MainTest</td>
<td></td>
<td>7</td>
<td>tests.MainTest@5bb7643d</td></tr>
<tr>
<td title='tests.CartTest.verifyCartPage()'><b>verifyCartPage</b><br>Test class: tests.CartTest</td>
<td></td>
<td>9</td>
<td>tests.CartTest@3ac04654</td></tr>
<tr>
<td title='tests.MainTest.SearchTest()'><b>SearchTest</b><br>Test class: tests.MainTest</td>
<td></td>
<td>8</td>
<td>tests.MainTest@5bb7643d</td></tr>
<tr>
<td title='tests.End2End.end2end()'><b>end2end</b><br>Test class: tests.End2End</td>
<td></td>
<td>31</td>
<td>tests.End2End@6be25526</td></tr>
<tr>
<td title='tests.MainTest.addToCartAfterSearch()'><b>addToCartAfterSearch</b><br>Test class: tests.MainTest</td>
<td></td>
<td>8</td>
<td>tests.MainTest@5bb7643d</td></tr>
</table><p>
</body>
</html>